{
  "stats": {
    "suites": 1,
    "tests": 2,
    "passes": 2,
    "pending": 0,
    "failures": 0,
    "start": "2021-04-03T20:03:48.788Z",
    "end": "2021-04-03T20:04:03.447Z",
    "duration": 14659,
    "testsRegistered": 2,
    "passPercent": 100,
    "pendingPercent": 0,
    "other": 0,
    "hasOther": false,
    "skipped": 0,
    "hasSkipped": false
  },
  "results": [
    {
      "uuid": "6f9515e6-87db-4735-8d17-eab5dbf852b7",
      "title": "",
      "fullFile": "cypress/integration/listagem.spec.js",
      "file": "cypress/integration/listagem.spec.js",
      "beforeHooks": [],
      "afterHooks": [],
      "tests": [],
      "suites": [
        {
          "uuid": "eef5e22d-385c-422c-b429-cf05fa1e63f4",
          "title": "Listagem",
          "fullFile": "",
          "file": "",
          "beforeHooks": [],
          "afterHooks": [],
          "tests": [
            {
              "title": "Listagem sem registros",
              "fullTitle": "Listagem Listagem sem registros",
              "timedOut": null,
              "duration": 10634,
              "state": "passed",
              "speed": "slow",
              "pass": true,
              "fail": false,
              "pending": false,
              "context": null,
              "code": "cy.server();\ncy.route({\n  method: 'GET',\n  url: '**/api/1/databases/userdetails/collections/newtable?**',\n  status: 200,\n  response: []\n}).as('getNewtable');\ncy.visit('WebTable.html');\ncy.get('div[role=row]').should('have.length', 1);",
              "err": {},
              "uuid": "8b02196c-15e7-49f3-821d-f7bb524ccc62",
              "parentUUID": "eef5e22d-385c-422c-b429-cf05fa1e63f4",
              "isHook": false,
              "skipped": false
            },
            {
              "title": "Listagem apenas um registro",
              "fullTitle": "Listagem Listagem apenas um registro",
              "timedOut": null,
              "duration": 3753,
              "state": "passed",
              "speed": "slow",
              "pass": true,
              "fail": false,
              "pending": false,
              "context": null,
              "code": "cy.server();\ncy.route({\n  method: 'GET',\n  url: '**/api/1/databases/userdetails/collections/newtable?**',\n  status: 200,\n  response: 'fx:webtable-get-only'\n}).as('getNewtable');\ncy.visit('WebTable.html');\ncy.get('div[role=row] div[role=gridcell]').eq(4).find('div').as('gridCellPhone');\ncy.get('@gridCellPhone').should('contain.text', '3129876543');",
              "err": {},
              "uuid": "058b7db3-29a1-48b5-9139-dda751317904",
              "parentUUID": "eef5e22d-385c-422c-b429-cf05fa1e63f4",
              "isHook": false,
              "skipped": false
            }
          ],
          "suites": [],
          "passes": [
            "8b02196c-15e7-49f3-821d-f7bb524ccc62",
            "058b7db3-29a1-48b5-9139-dda751317904"
          ],
          "failures": [],
          "pending": [],
          "skipped": [],
          "duration": 14387,
          "root": false,
          "rootEmpty": false,
          "_timeout": 2000
        }
      ],
      "passes": [],
      "failures": [],
      "pending": [],
      "skipped": [],
      "duration": 0,
      "root": true,
      "rootEmpty": true,
      "_timeout": 2000
    }
  ],
  "meta": {
    "mocha": {
      "version": "7.0.1"
    },
    "mochawesome": {
      "options": {
        "quiet": true,
        "reportFilename": "mochawesome",
        "saveHtml": false,
        "saveJson": true,
        "consoleReporter": "spec",
        "useInlineDiffs": false,
        "code": true
      },
      "version": "6.2.2"
    },
    "marge": {
      "options": {
        "id": "default",
        "reportDir": "mochawesome-report",
        "quiet": true,
        "overwrite": false,
        "html": false,
        "json": true
      },
      "version": "5.2.0"
    }
  }
}