{
  "stats": {
    "suites": 1,
    "tests": 1,
    "passes": 1,
    "pending": 0,
    "failures": 0,
    "start": "2021-04-03T19:50:35.243Z",
    "end": "2021-04-03T19:51:00.593Z",
    "duration": 25350,
    "testsRegistered": 1,
    "passPercent": 100,
    "pendingPercent": 0,
    "other": 0,
    "hasOther": false,
    "skipped": 0,
    "hasSkipped": false
  },
  "results": [
    {
      "uuid": "422411e1-2908-4e6b-82ad-f1adda1aa149",
      "title": "",
      "fullFile": "cypress/integration/cadastro.spec.js",
      "file": "cypress/integration/cadastro.spec.js",
      "beforeHooks": [],
      "afterHooks": [],
      "tests": [],
      "suites": [
        {
          "uuid": "b85f10d5-d8a8-4f48-9f00-5754f91e0652",
          "title": "Cadastro",
          "fullFile": "",
          "file": "",
          "beforeHooks": [],
          "afterHooks": [],
          "tests": [
            {
              "title": "Cadastro de usuário",
              "fullTitle": "Cadastro Cadastro de usuário",
              "timedOut": null,
              "duration": 25204,
              "state": "passed",
              "speed": "slow",
              "pass": true,
              "fail": false,
              "pending": false,
              "context": null,
              "code": "cy.server();\ncy.route({\n  method: 'POST',\n  url: '**/api/1/databases/userdetails/collections/newtable?**',\n  status: 200,\n  response: {}\n}).as('postNewtable');\ncy.route({\n  method: 'POST',\n  url: '**/api/1/databases/userdetails/collections/usertable?**',\n  status: 200,\n  response: {\n    name: 'João'\n  }\n}).as('postUsertable');\ncy.route({\n  method: 'GET',\n  url: '**/api/1/databases/userdetails/collections/newtable?**',\n  status: 200,\n  response: {}\n}).as('getNewtable');\ncy.visit('Register.html');\ncy.get(\"Input[placeholder='First Name']\").type(chance.first());\ncy.get(\"Input[placeholder='Last Name']\").type(chance.last());\ncy.get('input[type=email]').type(chance.email());\ncy.get('input[id=imagesrc]').attachFile('image.jpg');\ncy.get(\"[ng-model='Adress']\").type('Rua Bom Pastor, 731, apto 205, bairro centro, divinópolis, Minas Gerais');\ncy.get('input[type=tel]').type(chance.phone({\n  formatted: false\n}));\ncy.get('input[value=Male]').click();\ncy.get('#checkbox1').check();\ncy.get('#checkbox2').check();\ncy.get('#checkbox3').check();\ncy.get('#msdd').click();\ncy.contains(\"multi-select li:nth-child(29)\", 'Portuguese').click();\ncy.get('div #Skills').select('APIs', {\n  force: true\n});\ncy.get('#countries').select('Brazil', {\n  force: true\n});\ncy.get('.select2-selection--single').click();\ncy.contains('#select2-country-results > li:nth-child(5)', 'Hong Kong').click();\ncy.get('#yearbox  ').select('1988', {\n  force: true\n});\ncy.get('[placeholder=Month]').select('February', {\n  force: true\n});\ncy.get('#daybox').select('18', {\n  force: true\n});\ncy.get('#firstpassword').type('101827Rm@');\ncy.get('#secondpassword').type('101827Rm@');\ncy.get('#submitbtn').click();\ncy.wait('@postNewtable').then(function (resNewtable) {\n  expect(resNewtable.status).to.equal(200);\n});\ncy.wait('@postUsertable').then(function (resUsertable) {\n  expect(resUsertable.status).to.equal(200);\n  expect(resUsertable.responseBody.name).to.equal('João');\n});\ncy.wait('@getNewtable').then(function (resNewtable) {\n  expect(resNewtable.status).to.equal(200);\n});\ncy.url().should('contain', 'WebTable');",
              "err": {},
              "uuid": "a4c74a89-01cb-4f7c-af5d-67b3998d413b",
              "parentUUID": "b85f10d5-d8a8-4f48-9f00-5754f91e0652",
              "isHook": false,
              "skipped": false
            }
          ],
          "suites": [],
          "passes": [
            "a4c74a89-01cb-4f7c-af5d-67b3998d413b"
          ],
          "failures": [],
          "pending": [],
          "skipped": [],
          "duration": 25204,
          "root": false,
          "rootEmpty": false,
          "_timeout": 2000
        }
      ],
      "passes": [],
      "failures": [],
      "pending": [],
      "skipped": [],
      "duration": 0,
      "root": true,
      "rootEmpty": true,
      "_timeout": 2000
    }
  ],
  "meta": {
    "mocha": {
      "version": "7.0.1"
    },
    "mochawesome": {
      "options": {
        "quiet": true,
        "reportFilename": "mochawesome",
        "saveHtml": false,
        "saveJson": true,
        "consoleReporter": "spec",
        "useInlineDiffs": false,
        "code": true
      },
      "version": "6.2.2"
    },
    "marge": {
      "options": {
        "id": "default",
        "reportDir": "mochawesome-report",
        "quiet": true,
        "overwrite": false,
        "html": false,
        "json": true
      },
      "version": "5.2.0"
    }
  }
}